<?xml version="1.0" encoding="UTF-8"?>
<testng-results skipped="0" failed="0" total="1" passed="1">
  <reporter-output>
  </reporter-output>
  <suite name="Default suite" duration-ms="57" started-at="2018-02-09T07:03:41Z" finished-at="2018-02-09T07:03:41Z">
    <groups>
    </groups>
    <test name="Default test" duration-ms="57" started-at="2018-02-09T07:03:41Z" finished-at="2018-02-09T07:03:41Z">
      <class name="com.learnautomation.testmaven">
        <test-method status="PASS" signature="test1()[pri:0, instance:com.learnautomation.testmaven@3c756e4d]" name="test1" duration-ms="31" started-at="2018-02-09T12:33:41Z" finished-at="2018-02-09T12:33:41Z">
          <reporter-output>
          </reporter-output>
        </test-method> <!-- test1 -->
      </class> <!-- com.learnautomation.testmaven -->
    </test> <!-- Default test -->
  </suite> <!-- Default suite -->
</testng-results>
